+ gcc -Os -isystem /lib/modules/3.11.0-15-generic/build/include -isystem /lib/modules/3.11.0-15-generic/build/include/uapi -isystem /lib/modules/3.11.0-15-generic/build/arch/x86/include/generated -I /lib/modules/3.11.0-15-generic/build/arch/x86/include -Wall -Werror -Werror-implicit-function-declaration -DKBUILD_BASENAME= -include generated/autoconf.h -o tmp/3.11.0-15-generic/dmi_walk=1.E.c -E /home/sgosali/Documents/Work/RHEL6xFLASH/linux/driver/../kabi/tests/dmi_walk=1.c
+ gcc -Os -isystem /lib/modules/3.11.0-15-generic/build/include -isystem /lib/modules/3.11.0-15-generic/build/include/uapi -isystem /lib/modules/3.11.0-15-generic/build/arch/x86/include/generated -I /lib/modules/3.11.0-15-generic/build/arch/x86/include -Wall -Werror -Werror-implicit-function-declaration -DKBUILD_BASENAME= -include generated/autoconf.h -o tmp/3.11.0-15-generic/dmi_walk=1.o -c /home/sgosali/Documents/Work/RHEL6xFLASH/linux/driver/../kabi/tests/dmi_walk=1.c
/home/sgosali/Documents/Work/RHEL6xFLASH/linux/driver/../kabi/tests/dmi_walk=1.c: In function ‘foo’:
/home/sgosali/Documents/Work/RHEL6xFLASH/linux/driver/../kabi/tests/dmi_walk=1.c:11:2: error: passing argument 1 of ‘dmi_walk’ from incompatible pointer type [-Werror]
/lib/modules/3.11.0-15-generic/build/include/linux/dmi.h:107:12: note: expected ‘void (*)(const struct dmi_header *, void *)’ but argument is of type ‘void (*)(const struct dmi_header *)’
/home/sgosali/Documents/Work/RHEL6xFLASH/linux/driver/../kabi/tests/dmi_walk=1.c:11:2: error: too few arguments to function ‘dmi_walk’
/lib/modules/3.11.0-15-generic/build/include/linux/dmi.h:107:12: note: declared here
cc1: all warnings being treated as errors
